        -:    0:Source:testme.c
        -:    0:Graph:testme.gcno
        -:    0:Data:testme.gcda
        -:    0:Runs:2
        -:    0:Programs:1
        -:    1:#include<stdio.h>
        -:    2:#include<string.h>
        -:    3:#include<stdlib.h>
        -:    4:#include<time.h>
        -:    5:
        -:    6:char inputChar()
        -:    7:{
        -:    8:  char retChar;
  9173750:    9:  const int min = 32; //space
  4586875:   10:  const int max = 126; //~ (tilda)
  4586875:   11:  retChar = (rand() % (max - min + 1)) + min;
  4586875:   12:  return retChar;
        -:   13:}
        -:   14:
        -:   15:char *inputString()
        -:   16:{
        -:   17:  int i;
        -:   18:  static char retString[5];
  9173750:   19:  const int min = 97;
  4586875:   20:  const int max = 122;
 45868750:   21:  for (i = 1; i < 5; i++) {
 18347500:   22:    retString[i] = (rand() % (max - min + 1) + min);
 18347500:   23:  }
        -:   24:  // choosing between q or r
  4586875:   25:  retString[0] = (rand() % (114 - 113 + 1) + 113);
  4586875:   26:  return retString;
        -:   27:}
        -:   28:
        -:   29:void testme()
        -:   30:{
        4:   31:  int tcCount = 0;
        -:   32:  char *s;
        -:   33:  char c;
        2:   34:  int state = 0;
  4586875:   35:  while (1)
        -:   36:  {
  4586875:   37:    tcCount++;
  4586875:   38:    c = inputChar();
  4586875:   39:    s = inputString();
  4586875:   40:    printf("Iteration %d: c = %c, s = %s, state = %d\n", tcCount, c, s, state);
        -:   41:
  4634747:   42:    if (c == '[' && state == 0) state = 1;
  4635038:   43:    if (c == '(' && state == 1) state = 2;
  4634843:   44:    if (c == '{' && state == 2) state = 3;
  4635294:   45:    if (c == ' '&& state == 3) state = 4;
  4635005:   46:    if (c == 'a' && state == 4) state = 5;
  4635405:   47:    if (c == 'x' && state == 5) state = 6;
  4635056:   48:    if (c == '}' && state == 6) state = 7;
  4635113:   49:    if (c == ')' && state == 7) state = 8;
  4635033:   50:    if (c == ']' && state == 8) state = 9;
  6879306:   51:    if (s[0] == 'r' && s[1] == 'e'
  2383651:   52:       && s[2] == 's' && s[3] == 'e'
     3444:   53:       && s[4] == 't' && s[5] == '\0'
        4:   54:       && state == 9)
        -:   55:    {
        2:   56:      printf("error ");
        2:   57:      exit(200);
        -:   58:    }
        -:   59:  }
    #####:   60:}
        -:   61:
        -:   62:
        -:   63:int main(int argc, char *argv[])
        -:   64:{
        2:   65:    srand(time(NULL));
        2:   66:    testme();
        2:   67:    return 0;
        -:   68:}
