        -:    0:Source:testme.c
        -:    0:Graph:testme.gcno
        -:    0:Data:testme.gcda
        -:    0:Runs:1
        -:    0:Programs:1
        -:    1:#include<stdio.h>
        -:    2:#include<string.h>
        -:    3:#include<stdlib.h>
        -:    4:#include<time.h>
        -:    5:
        -:    6:char inputChar()
        -:    7:{
        -:    8:  char retChar;
  4753730:    9:  const int min = 32; //space
  2376865:   10:  const int max = 126; //~ (tilda)
  2376865:   11:  retChar = (rand() % (max - min + 1)) + min;
  2376865:   12:  return retChar;
        -:   13:}
        -:   14:
        -:   15:char *inputString()
        -:   16:{
        -:   17:  int i;
        -:   18:  static char retString[5];
  4753730:   19:  const int min = 97;
  2376865:   20:  const int max = 122;
 23768650:   21:  for (i = 1; i < 5; i++) {
  9507460:   22:    retString[i] = (rand() % (max - min + 1) + min);
  9507460:   23:  }
        -:   24:  // choosing between q or r
  2376865:   25:  retString[0] = (rand() % (114 - 113 + 1) + 113);
  2376865:   26:  return retString;
        -:   27:}
        -:   28:
        -:   29:void testme()
        -:   30:{
        2:   31:  int tcCount = 0;
        -:   32:  char *s;
        -:   33:  char c;
        1:   34:  int state = 0;
  2376865:   35:  while (1)
        -:   36:  {
  2376865:   37:    tcCount++;
  2376865:   38:    c = inputChar();
  2376865:   39:    s = inputString();
  2376865:   40:    printf("Iteration %d: c = %c, s = %s, state = %d\n", tcCount, c, s, state);
        -:   41:
  2401736:   42:    if (c == '[' && state == 0) state = 1;
  2401873:   43:    if (c == '(' && state == 1) state = 2;
  2401853:   44:    if (c == '{' && state == 2) state = 3;
  2402247:   45:    if (c == ' '&& state == 3) state = 4;
  2401751:   46:    if (c == 'a' && state == 4) state = 5;
  2401715:   47:    if (c == 'x' && state == 5) state = 6;
  2401759:   48:    if (c == '}' && state == 6) state = 7;
  2401680:   49:    if (c == ')' && state == 7) state = 8;
  2401670:   50:    if (c == ']' && state == 8) state = 9;
  3565189:   51:    if (s[0] == 'r' && s[1] == 'e'
  1235636:   52:       && s[2] == 's' && s[3] == 'e'
     1744:   53:       && s[4] == 't' && s[5] == '\0'
        2:   54:       && state == 9)
        -:   55:    {
        1:   56:      printf("error ");
        1:   57:      exit(200);
        -:   58:    }
        -:   59:  }
    #####:   60:}
        -:   61:
        -:   62:
        -:   63:int main(int argc, char *argv[])
        -:   64:{
        1:   65:    srand(time(NULL));
        1:   66:    testme();
        1:   67:    return 0;
        -:   68:}
